c:\users\felix\desktop\projects\c++ game\project1\project1\debug\vc141.pdb
c:\users\felix\desktop\projects\c++ game\project1\project1\debug\vc141.idb
c:\users\felix\desktop\projects\c++ game\project1\project1\debug\animatedobject.obj
c:\users\felix\desktop\projects\c++ game\project1\project1\debug\blockfactory.obj
c:\users\felix\desktop\projects\c++ game\project1\project1\debug\creature.obj
c:\users\felix\desktop\projects\c++ game\project1\project1\debug\enemy.obj
c:\users\felix\desktop\projects\c++ game\project1\project1\debug\game.obj
c:\users\felix\desktop\projects\c++ game\project1\project1\debug\gameobject.obj
c:\users\felix\desktop\projects\c++ game\project1\project1\debug\skeleton.obj
c:\users\felix\desktop\projects\c++ game\project1\project1\debug\weapon.obj
c:\users\felix\desktop\projects\c++ game\project1\project1\debug\main.obj
c:\users\felix\desktop\projects\c++ game\project1\project1\debug\mainmenu.obj
c:\users\felix\desktop\projects\c++ game\project1\project1\debug\movingobject.obj
c:\users\felix\desktop\projects\c++ game\project1\project1\debug\overworld.obj
c:\users\felix\desktop\projects\c++ game\project1\project1\debug\player.obj
c:\users\felix\desktop\projects\c++ game\project1\project1\debug\splashscreen.obj
c:\users\felix\desktop\projects\c++ game\project1\project1\debug\sword.obj
c:\users\felix\desktop\projects\c++ game\project1\project1\debug\util.obj
c:\users\felix\desktop\projects\c++ game\project1\project1\debug\visiblegameobject.obj
c:\users\felix\desktop\projects\c++ game\project1\debug\project1.pdb
c:\users\felix\desktop\projects\c++ game\project1\project1\debug\project1.tlog\cl.command.1.tlog
c:\users\felix\desktop\projects\c++ game\project1\project1\debug\project1.tlog\cl.read.1.tlog
c:\users\felix\desktop\projects\c++ game\project1\project1\debug\project1.tlog\cl.write.1.tlog
c:\users\felix\desktop\projects\c++ game\project1\project1\debug\project1.tlog\link-cvtres.read.1.tlog
c:\users\felix\desktop\projects\c++ game\project1\project1\debug\project1.tlog\link-cvtres.write.1.tlog
c:\users\felix\desktop\projects\c++ game\project1\project1\debug\project1.tlog\link-rc.read.1.tlog
c:\users\felix\desktop\projects\c++ game\project1\project1\debug\project1.tlog\link-rc.write.1.tlog
c:\users\felix\desktop\projects\c++ game\project1\project1\debug\project1.tlog\link.command.1.tlog
c:\users\felix\desktop\projects\c++ game\project1\project1\debug\project1.tlog\link.read.1.tlog
c:\users\felix\desktop\projects\c++ game\project1\project1\debug\project1.tlog\link.write.1.tlog
